<?xml version="1.0" encoding="UTF-8"?>
<!-- Generated by org.testng.reporters.JUnitReportReporter -->
<testsuite ignored="0" hostname="JYOTHI" failures="0" tests="2" name="testcases.VerifyLoginFunctionality" time="25.776" errors="0" timestamp="18 May 2021 02:50:42 GMT" skipped="0">
  <testcase classname="testcases.VerifyLoginFunctionality" name="VerifyLoginErrorMessage01" time="8.323"/>
  <testcase classname="testcases.VerifyLoginFunctionality" name="VerifyLoginErrorMessage02" time="17.453"/>
</testsuite> <!-- testcases.VerifyLoginFunctionality -->
