<?xml version="1.0" encoding="UTF-8"?>
<!-- Generated by org.testng.reporters.JUnitReportReporter -->
<testsuite ignored="0" hostname="JYOTHI" failures="0" tests="1" name="testcases.Testsample" time="31.159" errors="0" timestamp="12 Jul 2021 20:35:14 GMT" skipped="0">
  <testcase classname="testcases.Testsample" name="VerifyLoginErrorMessage01" time="31.159"/>
</testsuite> <!-- testcases.Testsample -->
