<?xml version="1.0" encoding="UTF-8"?>
<!-- Generated by org.testng.reporters.JUnitReportReporter -->
<testsuite ignored="0" hostname="JYOTHI" failures="0" tests="1" name="testcases.VerifyRandomScenarios" time="102.043" errors="0" timestamp="04 Aug 2021 18:21:13 GMT" skipped="0">
  <testcase classname="testcases.VerifyRandomScenarios" name="blockingEventCalenderRecurrance" time="102.043"/>
</testsuite> <!-- testcases.VerifyRandomScenarios -->
