<?xml version="1.0" encoding="UTF-8"?>
<!-- Generated by org.testng.reporters.JUnitReportReporter -->
<testsuite ignored="0" hostname="JYOTHI" failures="0" tests="5" name="testcases.VerifyLeadsModule" time="202.612" errors="0" timestamp="26 Jul 2021 16:02:21 GMT" skipped="0">
  <testcase classname="testcases.VerifyLeadsModule" name="leadsTodaysLead_23" time="25.401"/>
  <testcase classname="testcases.VerifyLeadsModule" name="leadsTabLink_20" time="32.906"/>
  <testcase classname="testcases.VerifyLeadsModule" name="leadsSelectView_21" time="26.061"/>
  <testcase classname="testcases.VerifyLeadsModule" name="leadsSelectView_22" time="53.753"/>
  <testcase classname="testcases.VerifyLeadsModule" name="leadsNewView_24" time="64.491"/>
</testsuite> <!-- testcases.VerifyLeadsModule -->
