<?xml version="1.0" encoding="UTF-8"?>
<!-- Generated by org.testng.reporters.JUnitReportReporter -->
<testsuite ignored="0" hostname="JYOTHI" failures="0" tests="5" name="testcases.VerifyOpportyModule" time="208.721" errors="0" timestamp="25 Jul 2021 14:35:12 GMT" skipped="0">
  <testcase classname="testcases.VerifyOpportyModule" name="createNewOpty_16" time="67.351"/>
  <testcase classname="testcases.VerifyOpportyModule" name="quarterlySummaryLink_19" time="39.870"/>
  <testcase classname="testcases.VerifyOpportyModule" name="Opportunity_15" time="32.942"/>
  <testcase classname="testcases.VerifyOpportyModule" name="optyPipelineReport_17" time="37.324"/>
  <testcase classname="testcases.VerifyOpportyModule" name="stuckOpportunityLink_18" time="31.234"/>
</testsuite> <!-- testcases.VerifyOpportyModule -->
