<?xml version="1.0" encoding="UTF-8"?>
<!-- Generated by org.testng.reporters.JUnitReportReporter -->
<testsuite ignored="0" hostname="JYOTHI" failures="0" tests="1" name="testcases.VerifyOptyModule" time="34.417" errors="0" timestamp="21 Jul 2021 01:20:53 GMT" skipped="0">
  <testcase classname="testcases.VerifyOptyModule" name="createOpty_15" time="34.417"/>
</testsuite> <!-- testcases.VerifyOptyModule -->
