<?xml version="1.0" encoding="UTF-8"?>
<!-- Generated by org.testng.reporters.JUnitReportReporter -->
<testsuite ignored="0" hostname="JYOTHI" failures="0" tests="1" name="testcases.VerifyUserDropDown" time="17.848" errors="0" timestamp="11 Jul 2021 00:22:18 GMT" skipped="0">
  <testcase classname="testcases.VerifyUserDropDown" name="userDropDown_TC09" time="17.848"/>
</testsuite> <!-- testcases.VerifyUserDropDown -->
